<?xml version="1.0" encoding="UTF-8" ?>
<testsuite tests="1" failures="0" name="com.example.krpano.service.testemp.BaseSpringTest" time="0.005" errors="1" skipped="0">
  <properties>
[...]
</properties>
  <testcase classname="com.example.krpano.service.testemp.BaseSpringTest" name="initializationError" time="0.005">
    <error message="Invalid test class &apos;com.example.krpano.service.testemp.BaseSpringTest&apos;:
  1. No runnable methods" type="org.junit.runners.model.InvalidTestClassError">org.junit.runners.model.InvalidTestClassError: Invalid test class &apos;com.example.krpano.service.testemp.BaseSpringTest&apos;:
  1. No runnable methods
	at org.junit.runners.ParentRunner.validate(ParentRunner.java:525)
	at org.junit.runners.ParentRunner.&lt;init&gt;(ParentRunner.java:92)
	at org.junit.runners.BlockJUnit4ClassRunner.&lt;init&gt;(BlockJUnit4ClassRunner.java:74)
	at org.springframework.test.context.junit4.SpringJUnit4ClassRunner.&lt;init&gt;(SpringJUnit4ClassRunner.java:137)
	at java.base/jdk.internal.reflect.NativeConstructorAccessorImpl.newInstance0(Native Method)
	at java.base/jdk.internal.reflect.NativeConstructorAccessorImpl.newInstance(NativeConstructorAccessorImpl.java:62)
	at java.base/jdk.internal.reflect.DelegatingConstructorAccessorImpl.newInstance(DelegatingConstructorAccessorImpl.java:45)
	at java.base/java.lang.reflect.Constructor.newInstanceWithCaller(Constructor.java:500)
	at java.base/java.lang.reflect.Constructor.newInstance(Constructor.java:481)
	at org.junit.internal.builders.AnnotatedBuilder.buildRunner(AnnotatedBuilder.java:104)
	at org.junit.internal.builders.AnnotatedBuilder.runnerForClass(AnnotatedBuilder.java:86)
	at org.junit.runners.model.RunnerBuilder.safeRunnerForClass(RunnerBuilder.java:70)
	at org.junit.internal.builders.AllDefaultPossibilitiesBuilder.runnerForClass(AllDefaultPossibilitiesBuilder.java:37)
	at org.junit.runners.model.RunnerBuilder.safeRunnerForClass(RunnerBuilder.java:70)
	at org.junit.internal.requests.ClassRequest.createRunner(ClassRequest.java:28)
	at org.junit.internal.requests.MemoizingRequest.getRunner(MemoizingRequest.java:19)
	at org.apache.maven.surefire.junit4.JUnit4Provider.execute(JUnit4Provider.java:250)
	at org.apache.maven.surefire.junit4.JUnit4Provider.executeTestSet(JUnit4Provider.java:141)
	at org.apache.maven.surefire.junit4.JUnit4Provider.invoke(JUnit4Provider.java:112)
	at java.base/jdk.internal.reflect.NativeMethodAccessorImpl.invoke0(Native Method)
	at java.base/jdk.internal.reflect.NativeMethodAccessorImpl.invoke(NativeMethodAccessorImpl.java:62)
	at java.base/jdk.internal.reflect.DelegatingMethodAccessorImpl.invoke(DelegatingMethodAccessorImpl.java:43)
	at java.base/java.lang.reflect.Method.invoke(Method.java:564)
	at org.apache.maven.surefire.util.ReflectionUtils.invokeMethodWithArray(ReflectionUtils.java:189)
	at org.apache.maven.surefire.booter.ProviderFactory$ProviderProxy.invoke(ProviderFactory.java:165)
	at org.apache.maven.surefire.booter.ProviderFactory.invokeProvider(ProviderFactory.java:85)
	at org.apache.maven.surefire.booter.ForkedBooter.runSuitesInProcess(ForkedBooter.java:115)
	at org.apache.maven.surefire.booter.ForkedBooter.main(ForkedBooter.java:75)
</error>
    <system-out>00:32:47,993 |-INFO in ch.qos.logback.classic.LoggerContext[logback] - Could NOT find resource [logback-test.xml]
00:32:47,994 |-INFO in ch.qos.logback.classic.LoggerContext[logback] - Could NOT find resource [logback.groovy]
00:32:47,995 |-INFO in ch.qos.logback.classic.LoggerContext[logback] - Found resource [logback.xml] at [file:/Users/xiaohonggong/IdeaProjects/krpano/krpano_provider/target/classes/logback.xml]
00:32:48,053 |-INFO in ch.qos.logback.classic.joran.action.ConfigurationAction - debug attribute not set
00:32:48,058 |-INFO in ch.qos.logback.classic.joran.action.ConfigurationAction - Will scan for changes in [file:/Users/xiaohonggong/IdeaProjects/krpano/krpano_provider/target/classes/logback.xml] 
00:32:48,058 |-INFO in ch.qos.logback.classic.joran.action.ConfigurationAction - Setting ReconfigureOnChangeTask scanning period to 1 minutes
00:32:48,064 |-ERROR in ch.qos.logback.core.joran.spi.Interpreter@9:118 - no applicable action for [springProperty], current ElementPath  is [[configuration][springProperty]]
00:32:48,064 |-INFO in ch.qos.logback.classic.joran.action.ContextNameAction - Setting logger context name as [logback]
00:32:48,066 |-INFO in ch.qos.logback.core.joran.action.AppenderAction - About to instantiate appender of type [ch.qos.logback.core.ConsoleAppender]
00:32:48,068 |-INFO in ch.qos.logback.core.joran.action.AppenderAction - Naming appender as [console]
00:32:48,115 |-WARN in ch.qos.logback.core.ConsoleAppender[console] - This appender no longer admits a layout as a sub-component, set an encoder instead.
00:32:48,115 |-WARN in ch.qos.logback.core.ConsoleAppender[console] - To ensure compatibility, wrapping your layout in LayoutWrappingEncoder.
00:32:48,115 |-WARN in ch.qos.logback.core.ConsoleAppender[console] - See also http://logback.qos.ch/codes.html#layoutInsteadOfEncoder for details
00:32:48,115 |-INFO in ch.qos.logback.core.joran.action.AppenderAction - About to instantiate appender of type [ch.qos.logback.core.rolling.RollingFileAppender]
00:32:48,117 |-INFO in ch.qos.logback.core.joran.action.AppenderAction - Naming appender as [file]
00:32:48,122 |-INFO in c.q.l.core.rolling.SizeAndTimeBasedRollingPolicy@1224347463 - Archive files will be limited to [64 MB] each.
00:32:48,124 |-INFO in c.q.l.core.rolling.SizeAndTimeBasedRollingPolicy@1224347463 - No compression will be used
00:32:48,125 |-INFO in c.q.l.core.rolling.SizeAndTimeBasedRollingPolicy@1224347463 - Will use the pattern /data/WEBLOG/app.name_IS_UNDEFINED/app.name_IS_UNDEFINED-%d{yyyy-MM-dd}-%i.log for the active file
00:32:48,127 |-INFO in ch.qos.logback.core.rolling.SizeAndTimeBasedFNATP@6ac13091 - The date pattern is &apos;yyyy-MM-dd&apos; from file name pattern &apos;/data/WEBLOG/app.name_IS_UNDEFINED/app.name_IS_UNDEFINED-%d{yyyy-MM-dd}-%i.log&apos;.
00:32:48,127 |-INFO in ch.qos.logback.core.rolling.SizeAndTimeBasedFNATP@6ac13091 - Roll-over at midnight.
00:32:48,132 |-INFO in ch.qos.logback.core.rolling.SizeAndTimeBasedFNATP@6ac13091 - Setting initial period to Fri Jul 03 00:30:19 CST 2020
00:32:48,135 |-WARN in ch.qos.logback.core.rolling.RollingFileAppender[file] - This appender no longer admits a layout as a sub-component, set an encoder instead.
00:32:48,135 |-WARN in ch.qos.logback.core.rolling.RollingFileAppender[file] - To ensure compatibility, wrapping your layout in LayoutWrappingEncoder.
00:32:48,135 |-WARN in ch.qos.logback.core.rolling.RollingFileAppender[file] - See also http://logback.qos.ch/codes.html#layoutInsteadOfEncoder for details
00:32:48,135 |-WARN in ch.qos.logback.core.rolling.RollingFileAppender[file] - Append mode is mandatory for RollingFileAppender. Defaulting to append=true.
00:32:48,136 |-INFO in ch.qos.logback.core.rolling.RollingFileAppender[file] - Active log file name: /data/WEBLOG/app.name_IS_UNDEFINED/app.name_IS_UNDEFINED.log
00:32:48,136 |-INFO in ch.qos.logback.core.rolling.RollingFileAppender[file] - File property is set to [/data/WEBLOG/app.name_IS_UNDEFINED/app.name_IS_UNDEFINED.log]
00:32:48,137 |-INFO in ch.qos.logback.classic.joran.action.LoggerAction - Setting level of logger [org.springframework] to INFO
00:32:48,137 |-INFO in ch.qos.logback.classic.joran.action.LoggerAction - Setting level of logger [message.service] to INFO
00:32:48,137 |-INFO in ch.qos.logback.classic.joran.action.LoggerAction - Setting level of logger [org.mybatis] to INFO
00:32:48,137 |-INFO in ch.qos.logback.classic.joran.action.LoggerAction - Setting level of logger [com.richgo.utils] to WARN
00:32:48,137 |-INFO in ch.qos.logback.classic.joran.action.RootLoggerAction - Setting level of ROOT logger to INFO
00:32:48,137 |-INFO in ch.qos.logback.core.joran.action.AppenderRefAction - Attaching appender named [console] to Logger[ROOT]
00:32:48,137 |-INFO in ch.qos.logback.core.joran.action.AppenderRefAction - Attaching appender named [file] to Logger[ROOT]
00:32:48,137 |-INFO in ch.qos.logback.classic.joran.action.ConfigurationAction - End of configuration.
00:32:48,138 |-INFO in ch.qos.logback.classic.joran.JoranConfigurator@5e316c74 - Registering current configuration as safe fallback point

</system-out>
  </testcase>
</testsuite>